/shared/rc/defake/Deepfake-Slayer/scripts/DeepFake-Slayer/kmeans_skin.py:9: DtypeWarning: Columns (0,1,2,3,4,5,6,7,8,9) have mixed types. Specify dtype option on import or set low_memory=False.
  data = pd.read_csv(csv_file)
Traceback (most recent call last):
  File "/shared/rc/defake/Deepfake-Slayer/scripts/DeepFake-Slayer/kmeans_skin.py", line 16, in <module>
    X_scaled = scaler.fit_transform(X)
  File "/shared/rc/defake/Deepfake-Slayer/deepfake/lib/python3.9/site-packages/sklearn/utils/_set_output.py", line 295, in wrapped
    data_to_wrap = f(self, X, *args, **kwargs)
  File "/shared/rc/defake/Deepfake-Slayer/deepfake/lib/python3.9/site-packages/sklearn/base.py", line 1098, in fit_transform
    return self.fit(X, **fit_params).transform(X)
  File "/shared/rc/defake/Deepfake-Slayer/deepfake/lib/python3.9/site-packages/sklearn/preprocessing/_data.py", line 876, in fit
    return self.partial_fit(X, y, sample_weight)
  File "/shared/rc/defake/Deepfake-Slayer/deepfake/lib/python3.9/site-packages/sklearn/base.py", line 1474, in wrapper
    return fit_method(estimator, *args, **kwargs)
  File "/shared/rc/defake/Deepfake-Slayer/deepfake/lib/python3.9/site-packages/sklearn/preprocessing/_data.py", line 912, in partial_fit
    X = self._validate_data(
  File "/shared/rc/defake/Deepfake-Slayer/deepfake/lib/python3.9/site-packages/sklearn/base.py", line 633, in _validate_data
    out = check_array(X, input_name="X", **check_params)
  File "/shared/rc/defake/Deepfake-Slayer/deepfake/lib/python3.9/site-packages/sklearn/utils/validation.py", line 997, in check_array
    array = _asarray_with_order(array, order=order, dtype=dtype, xp=xp)
  File "/shared/rc/defake/Deepfake-Slayer/deepfake/lib/python3.9/site-packages/sklearn/utils/_array_api.py", line 521, in _asarray_with_order
    array = numpy.asarray(array, order=order, dtype=dtype)
  File "/shared/rc/defake/Deepfake-Slayer/deepfake/lib/python3.9/site-packages/pandas/core/generic.py", line 2153, in __array__
    arr = np.asarray(values, dtype=dtype)
ValueError: could not convert string to float: 'Avg_Lab_L'
